# JRE version: Java(TM) SE Runtime Environment (8.0_131-b11) (build 1.8.0_131-b11)
# Java VM: Java HotSpot(TM) 64-Bit Server VM (25.131-b11 mixed mode windows-amd64 compressed oops)
Heap:
 PSYoungGen      total 180224K, used 101689K [0x00000000d7300000, 0x00000000e7600000, 0x0000000100000000)
  eden space 165376K, 61% used [0x00000000d7300000,0x00000000dd64e638,0x00000000e1480000)
  from space 14848K, 0% used [0x00000000e1480000,0x00000000e1480000,0x00000000e2300000)
  to   space 15360K, 0% used [0x00000000e6700000,0x00000000e6700000,0x00000000e7600000)
 ParOldGen       total 88576K, used 22885K [0x0000000085800000, 0x000000008ae80000, 0x00000000d7300000)
  object space 88576K, 25% used [0x0000000085800000,0x0000000086e59430,0x000000008ae80000)
 Metaspace       used 38875K, capacity 39366K, committed 39680K, reserved 1083392K
  class space    used 4949K, capacity 5054K, committed 5120K, reserved 1048576K
GC Heap History (10 events):
Event: 2.486 GC heap before
{Heap before GC invocations=7 (full 1):
 PSYoungGen      total 68608K, used 63488K [0x00000000d7300000, 0x00000000e0400000, 0x0000000100000000)
  eden space 63488K, 100% used [0x00000000d7300000,0x00000000db100000,0x00000000db100000)
  from space 5120K, 0% used [0x00000000db100000,0x00000000db100000,0x00000000db600000)
  to   space 10752K, 0% used [0x00000000df980000,0x00000000df980000,0x00000000e0400000)
 ParOldGen       total 58880K, used 11262K [0x0000000085800000, 0x0000000089180000, 0x00000000d7300000)
  object space 58880K, 19% used [0x0000000085800000,0x00000000862ff8d0,0x0000000089180000)
 Metaspace       used 23887K, capacity 24216K, committed 24448K, reserved 1071104K
  class space    used 3092K, capacity 3169K, committed 3200K, reserved 1048576K
Event: 2.491 GC heap after
Heap after GC invocations=7 (full 1):
 PSYoungGen      total 110080K, used 5304K [0x00000000d7300000, 0x00000000dff00000, 0x0000000100000000)
  eden space 104448K, 0% used [0x00000000d7300000,0x00000000d7300000,0x00000000dd900000)
  from space 5632K, 94% used [0x00000000df980000,0x00000000dfeae360,0x00000000dff00000)
  to   space 10752K, 0% used [0x00000000dea00000,0x00000000dea00000,0x00000000df480000)
 ParOldGen       total 58880K, used 11270K [0x0000000085800000, 0x0000000089180000, 0x00000000d7300000)
  object space 58880K, 19% used [0x0000000085800000,0x00000000863018d0,0x0000000089180000)
 Metaspace       used 23887K, capacity 24216K, committed 24448K, reserved 1071104K
  class space    used 3092K, capacity 3169K, committed 3200K, reserved 1048576K
}
Event: 3.226 GC heap before
{Heap before GC invocations=8 (full 1):
 PSYoungGen      total 110080K, used 109752K [0x00000000d7300000, 0x00000000dff00000, 0x0000000100000000)
  eden space 104448K, 100% used [0x00000000d7300000,0x00000000dd900000,0x00000000dd900000)
  from space 5632K, 94% used [0x00000000df980000,0x00000000dfeae360,0x00000000dff00000)
  to   space 10752K, 0% used [0x00000000dea00000,0x00000000dea00000,0x00000000df480000)
 ParOldGen       total 58880K, used 11270K [0x0000000085800000, 0x0000000089180000, 0x00000000d7300000)
  object space 58880K, 19% used [0x0000000085800000,0x00000000863018d0,0x0000000089180000)
 Metaspace       used 28283K, capacity 28630K, committed 28928K, reserved 1075200K
  class space    used 3627K, capacity 3718K, committed 3840K, reserved 1048576K
Event: 3.234 GC heap after
Heap after GC invocations=8 (full 1):
 PSYoungGen      total 132608K, used 10714K [0x00000000d7300000, 0x00000000e2f00000, 0x0000000100000000)
  eden space 121856K, 0% used [0x00000000d7300000,0x00000000d7300000,0x00000000dea00000)
  from space 10752K, 99% used [0x00000000dea00000,0x00000000df476838,0x00000000df480000)
  to   space 12288K, 0% used [0x00000000e2300000,0x00000000e2300000,0x00000000e2f00000)
 ParOldGen       total 58880K, used 11278K [0x0000000085800000, 0x0000000089180000, 0x00000000d7300000)
  object space 58880K, 19% used [0x0000000085800000,0x00000000863038d0,0x0000000089180000)
 Metaspace       used 28283K, capacity 28630K, committed 28928K, reserved 1075200K
  class space    used 3627K, capacity 3718K, committed 3840K, reserved 1048576K
}
Event: 4.041 GC heap before
{Heap before GC invocations=9 (full 1):
 PSYoungGen      total 132608K, used 132570K [0x00000000d7300000, 0x00000000e2f00000, 0x0000000100000000)
  eden space 121856K, 100% used [0x00000000d7300000,0x00000000dea00000,0x00000000dea00000)
  from space 10752K, 99% used [0x00000000dea00000,0x00000000df476838,0x00000000df480000)
  to   space 12288K, 0% used [0x00000000e2300000,0x00000000e2300000,0x00000000e2f00000)
 ParOldGen       total 58880K, used 11278K [0x0000000085800000, 0x0000000089180000, 0x00000000d7300000)
  object space 58880K, 19% used [0x0000000085800000,0x00000000863038d0,0x0000000089180000)
 Metaspace       used 34360K, capacity 34838K, committed 35200K, reserved 1079296K
  class space    used 4344K, capacity 4454K, committed 4480K, reserved 1048576K
Event: 4.053 GC heap after
Heap after GC invocations=9 (full 1):
 PSYoungGen      total 177664K, used 12276K [0x00000000d7300000, 0x00000000e4c00000, 0x0000000100000000)
  eden space 165376K, 0% used [0x00000000d7300000,0x00000000d7300000,0x00000000e1480000)
  from space 12288K, 99% used [0x00000000e2300000,0x00000000e2efd190,0x00000000e2f00000)
  to   space 14848K, 0% used [0x00000000e1480000,0x00000000e1480000,0x00000000e2300000)
 ParOldGen       total 58880K, used 14408K [0x0000000085800000, 0x0000000089180000, 0x00000000d7300000)
  object space 58880K, 24% used [0x0000000085800000,0x00000000866121a8,0x0000000089180000)
 Metaspace       used 34360K, capacity 34838K, committed 35200K, reserved 1079296K
  class space    used 4344K, capacity 4454K, committed 4480K, reserved 1048576K
}
Event: 4.178 GC heap before
{Heap before GC invocations=10 (full 1):
 PSYoungGen      total 177664K, used 32621K [0x00000000d7300000, 0x00000000e4c00000, 0x0000000100000000)
  eden space 165376K, 12% used [0x00000000d7300000,0x00000000d86de440,0x00000000e1480000)
  from space 12288K, 99% used [0x00000000e2300000,0x00000000e2efd190,0x00000000e2f00000)
  to   space 14848K, 0% used [0x00000000e1480000,0x00000000e1480000,0x00000000e2300000)
 ParOldGen       total 58880K, used 14408K [0x0000000085800000, 0x0000000089180000, 0x00000000d7300000)
  object space 58880K, 24% used [0x0000000085800000,0x00000000866121a8,0x0000000089180000)
 Metaspace       used 34628K, capacity 35068K, committed 35416K, reserved 1081344K
  class space    used 4375K, capacity 4487K, committed 4608K, reserved 1048576K
Event: 4.188 GC heap after
Heap after GC invocations=10 (full 1):
 PSYoungGen      total 180224K, used 10916K [0x00000000d7300000, 0x00000000e7600000, 0x0000000100000000)
  eden space 165376K, 0% used [0x00000000d7300000,0x00000000d7300000,0x00000000e1480000)
  from space 14848K, 73% used [0x00000000e1480000,0x00000000e1f29238,0x00000000e2300000)
  to   space 15360K, 0% used [0x00000000e6700000,0x00000000e6700000,0x00000000e7600000)
 ParOldGen       total 58880K, used 16618K [0x0000000085800000, 0x0000000089180000, 0x00000000d7300000)
  object space 58880K, 28% used [0x0000000085800000,0x000000008683a958,0x0000000089180000)
 Metaspace       used 34628K, capacity 35068K, committed 35416K, reserved 1081344K
  class space    used 4375K, capacity 4487K, committed 4608K, reserved 1048576K
}
Event: 4.188 GC heap before
{Heap before GC invocations=11 (full 2):
 PSYoungGen      total 180224K, used 10916K [0x00000000d7300000, 0x00000000e7600000, 0x0000000100000000)
  eden space 165376K, 0% used [0x00000000d7300000,0x00000000d7300000,0x00000000e1480000)
  from space 14848K, 73% used [0x00000000e1480000,0x00000000e1f29238,0x00000000e2300000)
  to   space 15360K, 0% used [0x00000000e6700000,0x00000000e6700000,0x00000000e7600000)
 ParOldGen       total 58880K, used 16618K [0x0000000085800000, 0x0000000089180000, 0x00000000d7300000)
  object space 58880K, 28% used [0x0000000085800000,0x000000008683a958,0x0000000089180000)
 Metaspace       used 34628K, capacity 35068K, committed 35416K, reserved 1081344K
  class space    used 4375K, capacity 4487K, committed 4608K, reserved 1048576K
Event: 4.267 GC heap after
Heap after GC invocations=11 (full 2):
 PSYoungGen      total 180224K, used 0K [0x00000000d7300000, 0x00000000e7600000, 0x0000000100000000)
  eden space 165376K, 0% used [0x00000000d7300000,0x00000000d7300000,0x00000000e1480000)
  from space 14848K, 0% used [0x00000000e1480000,0x00000000e1480000,0x00000000e2300000)
  to   space 15360K, 0% used [0x00000000e6700000,0x00000000e6700000,0x00000000e7600000)
 ParOldGen       total 88576K, used 22885K [0x0000000085800000, 0x000000008ae80000, 0x00000000d7300000)
  object space 88576K, 25% used [0x0000000085800000,0x0000000086e59430,0x000000008ae80000)
 Metaspace       used 34628K, capacity 35068K, committed 35416K, reserved 1081344K
  class space    used 4375K, capacity 4487K, committed 4608K, reserved 1048576K
}

